<?xml version="1.0" encoding="UTF-8"?>
<Site BuildName="Darwin-clang++"
	BuildStamp="20240401-1806-Experimental"
	Name="wifi-10-44-132-245.wifi.berkeley.edu"
	Generator="ctest-3.28.3"
	CompilerName="/usr/bin/clang++"
	CompilerVersion=""
	OSName="macOS"
	Hostname="wifi-10-44-133-119.wifi.berkeley.edu"
	OSRelease="13.6.3"
	OSVersion="22G436"
	OSPlatform="x86_64"
	Is64Bits="1"
	VendorString="GenuineIntel"
	VendorID="Intel Corporation"
	FamilyID="6"
	ModelID="158"
	ProcessorCacheSize="32768"
	NumberOfLogicalCPU="16"
	NumberOfPhysicalCPU="8"
	TotalVirtualMemory="5120"
	TotalPhysicalMemory="16384"
	LogicalProcessorsPerPhysical="8"
	ProcessorClockFrequency="2300"
	>
	<Testing>
		<StartDateTime>Apr 01 11:06 PDT</StartDateTime>
		<StartTestTime>1711994772</StartTestTime>
		<TestList/>
		<EndDateTime>Apr 01 11:06 PDT</EndDateTime>
		<EndTestTime>1711994772</EndTestTime>
		<ElapsedMinutes>0</ElapsedMinutes>
	</Testing>
</Site>
